2017-09-13 15:50:16 [127.0.0.1][-][-][error][yii\web\HttpException:404] exception 'yii\web\NotFoundHttpException' with message '页面未找到。' in D:\phpStudy\WWW\blog\vendor\yiisoft\yii2\web\Request.php:195
Stack trace:
#0 D:\phpStudy\WWW\blog\vendor\yiisoft\yii2\web\Application.php(82): yii\web\Request->resolve()
#1 D:\phpStudy\WWW\blog\vendor\yiisoft\yii2\base\Application.php(380): yii\web\Application->handleRequest(Object(yii\web\Request))
#2 D:\phpStudy\WWW\blog\api\web\index.php(17): yii\base\Application->run()
#3 {main}
2017-09-13 15:50:16 [127.0.0.1][-][-][info][application] $_SERVER = [
    'PATH' => 'C:\\Program Files (x86)\\Common Files\\NetSarang;C:\\Windows\\system32;C:\\Windows;C:\\Windows\\System32\\Wbem;C:\\Windows\\System32\\WindowsPowerShell\\v1.0\\;D:\\xampp\\php;C:\\ProgramData\\ComposerSetup\\bin;D:\\xiaowigui\\bin;D:\\vpn\\OpenVPN\\bin;'
    'SYSTEMROOT' => 'C:\\Windows'
    'COMSPEC' => 'C:\\Windows\\system32\\cmd.exe'
    'PATHEXT' => '.COM;.EXE;.BAT;.CMD;.VBS;.VBE;.JS;.JSE;.WSF;.WSH;.MSC'
    'WINDIR' => 'C:\\Windows'
    'PHP_FCGI_MAX_REQUESTS' => '10000'
    'PHPRC' => 'D:/UPUPW_ANK_W64/Modules/PHPX/PHP56/php.ini'
    '_FCGI_SHUTDOWN_EVENT_' => '388'
    'SCRIPT_NAME' => '/api/web/index.php'
    'REQUEST_URI' => '/api/web/v1/users/login'
    'QUERY_STRING' => ''
    'REQUEST_METHOD' => 'GET'
    'SERVER_PROTOCOL' => 'HTTP/1.1'
    'GATEWAY_INTERFACE' => 'CGI/1.1'
    'REDIRECT_URL' => '/api/web/v1/users/login'
    'REMOTE_PORT' => '63960'
    'SCRIPT_FILENAME' => 'D:/phpStudy/WWW/blog/api/web/index.php'
    'SERVER_ADMIN' => '[no address given]'
    'CONTEXT_DOCUMENT_ROOT' => 'D:/phpStudy/WWW/blog'
    'CONTEXT_PREFIX' => ''
    'REQUEST_SCHEME' => 'http'
    'DOCUMENT_ROOT' => 'D:/phpStudy/WWW/blog'
    'REMOTE_ADDR' => '127.0.0.1'
    'SERVER_PORT' => '8011'
    'SERVER_ADDR' => '127.0.0.1'
    'SERVER_NAME' => 'blog'
    'SERVER_SOFTWARE' => 'Apache/2.4.25'
    'SERVER_SIGNATURE' => '<address>Apache/2.4.25 Server at blog Port 8011</address>
'
    'SystemRoot' => 'C:\\Windows'
    'HTTP_CONNECTION' => 'close'
    'HTTP_ACCEPT_ENCODING' => 'gzip, deflate'
    'HTTP_HOST' => 'blog:8011'
    'HTTP_ACCEPT' => '*/*'
    'HTTP_USER_AGENT' => 'PostmanRuntime/6.3.2'
    'CONTENT_TYPE' => 'application/x-www-form-urlencoded'
    'HTTP_POSTMAN_TOKEN' => '73b07862-6329-4e73-a151-2628147964e4'
    'HTTP_CACHE_CONTROL' => 'no-cache'
    'REDIRECT_STATUS' => '200'
    'FCGI_ROLE' => 'RESPONDER'
    'PHP_SELF' => '/api/web/index.php'
    'REQUEST_TIME_FLOAT' => 1505289016.6557
    'REQUEST_TIME' => 1505289016
]
2017-09-13 15:54:10 [127.0.0.1][-][-][error][yii\web\HttpException:404] exception 'yii\web\NotFoundHttpException' with message '页面未找到。' in D:\phpStudy\WWW\blog\vendor\yiisoft\yii2\web\Request.php:195
Stack trace:
#0 D:\phpStudy\WWW\blog\vendor\yiisoft\yii2\web\Application.php(82): yii\web\Request->resolve()
#1 D:\phpStudy\WWW\blog\vendor\yiisoft\yii2\base\Application.php(380): yii\web\Application->handleRequest(Object(yii\web\Request))
#2 D:\phpStudy\WWW\blog\api\web\index.php(17): yii\base\Application->run()
#3 {main}
2017-09-13 15:54:10 [127.0.0.1][-][-][info][application] $_POST = [
    'username' => '111'
    'password' => '123456'
]

$_SERVER = [
    'PATH' => 'C:\\Program Files (x86)\\Common Files\\NetSarang;C:\\Windows\\system32;C:\\Windows;C:\\Windows\\System32\\Wbem;C:\\Windows\\System32\\WindowsPowerShell\\v1.0\\;D:\\xampp\\php;C:\\ProgramData\\ComposerSetup\\bin;D:\\xiaowigui\\bin;D:\\vpn\\OpenVPN\\bin;'
    'SYSTEMROOT' => 'C:\\Windows'
    'COMSPEC' => 'C:\\Windows\\system32\\cmd.exe'
    'PATHEXT' => '.COM;.EXE;.BAT;.CMD;.VBS;.VBE;.JS;.JSE;.WSF;.WSH;.MSC'
    'WINDIR' => 'C:\\Windows'
    'PHP_FCGI_MAX_REQUESTS' => '10000'
    'PHPRC' => 'D:/UPUPW_ANK_W64/Modules/PHPX/PHP56/php.ini'
    '_FCGI_SHUTDOWN_EVENT_' => '388'
    'SCRIPT_NAME' => '/api/web/index.php'
    'REQUEST_URI' => '/api/web/v1/users/user-profile'
    'QUERY_STRING' => ''
    'REQUEST_METHOD' => 'POST'
    'SERVER_PROTOCOL' => 'HTTP/1.1'
    'GATEWAY_INTERFACE' => 'CGI/1.1'
    'REDIRECT_URL' => '/api/web/v1/users/user-profile'
    'REMOTE_PORT' => '64205'
    'SCRIPT_FILENAME' => 'D:/phpStudy/WWW/blog/api/web/index.php'
    'SERVER_ADMIN' => '[no address given]'
    'CONTEXT_DOCUMENT_ROOT' => 'D:/phpStudy/WWW/blog'
    'CONTEXT_PREFIX' => ''
    'REQUEST_SCHEME' => 'http'
    'DOCUMENT_ROOT' => 'D:/phpStudy/WWW/blog'
    'REMOTE_ADDR' => '127.0.0.1'
    'SERVER_PORT' => '8011'
    'SERVER_ADDR' => '127.0.0.1'
    'SERVER_NAME' => 'blog'
    'SERVER_SOFTWARE' => 'Apache/2.4.25'
    'SERVER_SIGNATURE' => '<address>Apache/2.4.25 Server at blog Port 8011</address>
'
    'SystemRoot' => 'C:\\Windows'
    'HTTP_CONNECTION' => 'close'
    'CONTENT_LENGTH' => '28'
    'HTTP_ACCEPT_ENCODING' => 'gzip, deflate'
    'HTTP_HOST' => 'blog:8011'
    'HTTP_ACCEPT' => '*/*'
    'HTTP_USER_AGENT' => 'PostmanRuntime/6.3.2'
    'CONTENT_TYPE' => 'application/x-www-form-urlencoded'
    'HTTP_POSTMAN_TOKEN' => 'e30796b2-c010-458c-8ec7-fb7745a400f3'
    'HTTP_CACHE_CONTROL' => 'no-cache'
    'REDIRECT_STATUS' => '200'
    'FCGI_ROLE' => 'RESPONDER'
    'PHP_SELF' => '/api/web/index.php'
    'REQUEST_TIME_FLOAT' => 1505289250.525
    'REQUEST_TIME' => 1505289250
]
